<?xml version="1.0" encoding="UTF-8"?>
<!-- Generated by org.testng.reporters.JUnitReportReporter -->
<testsuite hostname="DELL-C0HKRC2" failures="0" tests="1" name="pruebas.Laboratorio7b" time="0.301" errors="0" timestamp="2022-04-22T21:53:56 ART" skipped="0">
  <testcase classname="pruebas.Laboratorio7b" name="alerta4" time="0.301"/>
  <system-out/>
</testsuite> <!-- pruebas.Laboratorio7b -->
