<?xml version="1.0" encoding="UTF-8"?>
<!-- Generated by org.testng.reporters.JUnitReportReporter -->
<testsuite hostname="DELL-C0HKRC2" failures="0" tests="1" name="Edit.EducacionIT25Mar2022.Laboratorio4" time="21.487" errors="0" timestamp="2022-04-22T21:02:23 ART" skipped="0">
  <testcase classname="Edit.EducacionIT25Mar2022.Laboratorio4" name="registrarUsuario" time="21.487"/>
  <system-out/>
</testsuite> <!-- Edit.EducacionIT25Mar2022.Laboratorio4 -->
