<?xml version="1.0" encoding="UTF-8"?>
<!-- Generated by org.testng.reporters.JUnitReportReporter -->
<testsuite hostname="DELL-C0HKRC2" failures="0" tests="2" name="Edit.EducacionIT25Mar2022.Laboratorio6" time="3.016" errors="0" timestamp="2022-04-20T21:36:17 ART" skipped="0">
  <testcase classname="Edit.EducacionIT25Mar2022.Laboratorio6" name="buscarPalabra" time="2.411"/>
  <system-out/>
  <testcase classname="Edit.EducacionIT25Mar2022.Laboratorio6" name="buscarPalabra" time="0.605"/>
  <system-out/>
</testsuite> <!-- Edit.EducacionIT25Mar2022.Laboratorio6 -->
