<?xml version="1.0" encoding="UTF-8"?>
<!-- Generated by org.testng.reporters.JUnitReportReporter -->
<testsuite hostname="DELL-C0HKRC2" failures="0" tests="1" name="pruebas.Laboratorio9b" time="0.007" errors="0" timestamp="2022-04-29T21:00:30 ART" skipped="0">
  <testcase classname="pruebas.Laboratorio9b" name="test" time="0.007"/>
  <system-out/>
</testsuite> <!-- pruebas.Laboratorio9b -->
