<?xml version="1.0" encoding="UTF-8"?>
<!-- Generated by org.testng.reporters.JUnitReportReporter -->
<testsuite hostname="DELL-C0HKRC2" failures="0" tests="1" name="pruebas.Laboratorio7" time="4.868" errors="0" timestamp="2022-04-22T21:04:58 ART" skipped="0">
  <testcase classname="pruebas.Laboratorio7" name="login" time="4.868"/>
  <system-out/>
</testsuite> <!-- pruebas.Laboratorio7 -->
