<?xml version="1.0" encoding="UTF-8"?>
<!-- Generated by org.testng.reporters.JUnitReportReporter -->
<testsuite hostname="DELL-C0HKRC2" failures="0" tests="1" name="Edit.EducacionIT25Mar2022.Laboratorio5" time="14.624" errors="0" timestamp="2022-04-20T20:53:16 ART" skipped="0">
  <testcase classname="Edit.EducacionIT25Mar2022.Laboratorio5" name="irAContactUs" time="14.624"/>
  <system-out/>
</testsuite> <!-- Edit.EducacionIT25Mar2022.Laboratorio5 -->
